<?xml version="1.0" encoding="UTF-8" ?>
<testsuite failures="0" time="0.121" errors="0" skipped="0" tests="10" name="org.springframework.security.oauth2.client.token.TestAccessTokenProviderChain">
  <properties>
[...]
</properties>
  <testcase time="0.083" classname="org.springframework.security.oauth2.client.token.TestAccessTokenProviderChain" name="testSunnyDay"/>
  <testcase time="0.007" classname="org.springframework.security.oauth2.client.token.TestAccessTokenProviderChain" name="testSunnyDayWithTokenServicesGet"/>
  <testcase time="0.002" classname="org.springframework.security.oauth2.client.token.TestAccessTokenProviderChain" name="testSunnyDayWithTokenServicesSave"/>
  <testcase time="0" classname="org.springframework.security.oauth2.client.token.TestAccessTokenProviderChain" name="testSunnyDayWithExpiredToken"/>
  <testcase time="0.004" classname="org.springframework.security.oauth2.client.token.TestAccessTokenProviderChain" name="testSunnyDayWithExpiredTokenAndTokenServices"/>
  <testcase time="0" classname="org.springframework.security.oauth2.client.token.TestAccessTokenProviderChain" name="testSunnyDayWIthExpiredTokenAndValidRefreshToken"/>
  <testcase time="0" classname="org.springframework.security.oauth2.client.token.TestAccessTokenProviderChain" name="testSunnyDayWIthExpiredTokenAndExpiredRefreshToken"/>
  <testcase time="0" classname="org.springframework.security.oauth2.client.token.TestAccessTokenProviderChain" name="testMissingSecurityContext"/>
  <testcase time="0.001" classname="org.springframework.security.oauth2.client.token.TestAccessTokenProviderChain" name="testAnonymousUser"/>
  <testcase time="0.01" classname="org.springframework.security.oauth2.client.token.TestAccessTokenProviderChain" name="testRequiresAuthenticationButRedirected"/>
</testsuite>