# JRE version: 7.0_09-b05
# Java VM: Java HotSpot(TM) Server VM (23.5-b02 mixed mode linux-x86 )
Heap
 PSYoungGen      total 135936K, used 91361K [0xaa8e0000, 0xb4630000, 0xb4630000)
  eden space 122304K, 71% used [0xaa8e0000,0xafe5c728,0xb2050000)
  from space 13632K, 28% used [0xb38e0000,0xb3c9bce8,0xb4630000)
  to   space 19392K, 0% used [0xb2050000,0xb2050000,0xb3340000)
 ParOldGen       total 57984K, used 34238K [0x96e30000, 0x9a6d0000, 0xaa8e0000)
  object space 57984K, 59% used [0x96e30000,0x98f9f900,0x9a6d0000)
 PSPermGen       total 65280K, used 40135K [0x92e30000, 0x96df0000, 0x96e30000)
  object space 65280K, 61% used [0x92e30000,0x95561ea0,0x96df0000)
GC Heap History (10 events):
Event: 10.173 GC heap before
{Heap before GC invocations=16 (full 1):
 PSYoungGen      total 152064K, used 148752K [0xaa8e0000, 0xb4630000, 0xb4630000)
  eden space 143168K, 100% used [0xaa8e0000,0xb34b0000,0xb34b0000)
  from space 8896K, 62% used [0xb3d80000,0xb42f4330,0xb4630000)
  to   space 8960K, 0% used [0xb34b0000,0xb34b0000,0xb3d70000)
 ParOldGen       total 33600K, used 19297K [0x96e30000, 0x98f00000, 0xaa8e0000)
  object space 33600K, 57% used [0x96e30000,0x98108648,0x98f00000)
 PSPermGen       total 32000K, used 27505K [0x92e30000, 0x94d70000, 0x96e30000)
  object space 32000K, 85% used [0x92e30000,0x9490c4a0,0x94d70000)
Event: 10.210 GC heap after
Heap after GC invocations=16 (full 1):
 PSYoungGen      total 151360K, used 8174K [0xaa8e0000, 0xb4630000, 0xb4630000)
  eden space 143168K, 0% used [0xaa8e0000,0xaa8e0000,0xb34b0000)
  from space 8192K, 99% used [0xb34b0000,0xb3caba00,0xb3cb0000)
  to   space 9728K, 0% used [0xb3cb0000,0xb3cb0000,0xb4630000)
 ParOldGen       total 33600K, used 19297K [0x96e30000, 0x98f00000, 0xaa8e0000)
  object space 33600K, 57% used [0x96e30000,0x98108648,0x98f00000)
 PSPermGen       total 32000K, used 27505K [0x92e30000, 0x94d70000, 0x96e30000)
  object space 32000K, 85% used [0x92e30000,0x9490c4a0,0x94d70000)
}
Event: 11.621 GC heap before
{Heap before GC invocations=17 (full 1):
 PSYoungGen      total 151360K, used 151342K [0xaa8e0000, 0xb4630000, 0xb4630000)
  eden space 143168K, 100% used [0xaa8e0000,0xb34b0000,0xb34b0000)
  from space 8192K, 99% used [0xb34b0000,0xb3caba00,0xb3cb0000)
  to   space 9728K, 0% used [0xb3cb0000,0xb3cb0000,0xb4630000)
 ParOldGen       total 33600K, used 19297K [0x96e30000, 0x98f00000, 0xaa8e0000)
  object space 33600K, 57% used [0x96e30000,0x98108648,0x98f00000)
 PSPermGen       total 32000K, used 30643K [0x92e30000, 0x94d70000, 0x96e30000)
  object space 32000K, 95% used [0x92e30000,0x94c1cf80,0x94d70000)
Event: 11.664 GC heap after
Heap after GC invocations=17 (full 1):
 PSYoungGen      total 145088K, used 9723K [0xaa8e0000, 0xb4630000, 0xb4630000)
  eden space 135360K, 0% used [0xaa8e0000,0xaa8e0000,0xb2d10000)
  from space 9728K, 99% used [0xb3cb0000,0xb462ef20,0xb4630000)
  to   space 12864K, 0% used [0xb2d10000,0xb2d10000,0xb39a0000)
 ParOldGen       total 33600K, used 23720K [0x96e30000, 0x98f00000, 0xaa8e0000)
  object space 33600K, 70% used [0x96e30000,0x9855a380,0x98f00000)
 PSPermGen       total 32000K, used 30643K [0x92e30000, 0x94d70000, 0x96e30000)
  object space 32000K, 95% used [0x92e30000,0x94c1cf80,0x94d70000)
}
Event: 12.627 GC heap before
{Heap before GC invocations=18 (full 1):
 PSYoungGen      total 145088K, used 145083K [0xaa8e0000, 0xb4630000, 0xb4630000)
  eden space 135360K, 100% used [0xaa8e0000,0xb2d10000,0xb2d10000)
  from space 9728K, 99% used [0xb3cb0000,0xb462ef20,0xb4630000)
  to   space 12864K, 0% used [0xb2d10000,0xb2d10000,0xb39a0000)
 ParOldGen       total 33600K, used 23720K [0x96e30000, 0x98f00000, 0xaa8e0000)
  object space 33600K, 70% used [0x96e30000,0x9855a380,0x98f00000)
 PSPermGen       total 34944K, used 34833K [0x92e30000, 0x95050000, 0x96e30000)
  object space 34944K, 99% used [0x92e30000,0x95034618,0x95050000)
Event: 12.671 GC heap after
Heap after GC invocations=18 (full 1):
 PSYoungGen      total 147456K, used 12035K [0xaa8e0000, 0xb4630000, 0xb4630000)
  eden space 135360K, 0% used [0xaa8e0000,0xaa8e0000,0xb2d10000)
  from space 12096K, 99% used [0xb2d10000,0xb38d0c70,0xb38e0000)
  to   space 13632K, 0% used [0xb38e0000,0xb38e0000,0xb4630000)
 ParOldGen       total 33600K, used 26216K [0x96e30000, 0x98f00000, 0xaa8e0000)
  object space 33600K, 78% used [0x96e30000,0x987ca180,0x98f00000)
 PSPermGen       total 34944K, used 34833K [0x92e30000, 0x95050000, 0x96e30000)
  object space 34944K, 99% used [0x92e30000,0x95034618,0x95050000)
}
Event: 16.820 GC heap before
{Heap before GC invocations=19 (full 1):
 PSYoungGen      total 147456K, used 147395K [0xaa8e0000, 0xb4630000, 0xb4630000)
  eden space 135360K, 100% used [0xaa8e0000,0xb2d10000,0xb2d10000)
  from space 12096K, 99% used [0xb2d10000,0xb38d0c70,0xb38e0000)
  to   space 13632K, 0% used [0xb38e0000,0xb38e0000,0xb4630000)
 ParOldGen       total 33600K, used 26216K [0x96e30000, 0x98f00000, 0xaa8e0000)
  object space 33600K, 78% used [0x96e30000,0x987ca180,0x98f00000)
 PSPermGen       total 39680K, used 39619K [0x92e30000, 0x954f0000, 0x96e30000)
  object space 39680K, 99% used [0x92e30000,0x954e0f20,0x954f0000)
Event: 16.921 GC heap after
Heap after GC invocations=19 (full 1):
 PSYoungGen      total 135936K, used 13629K [0xaa8e0000, 0xb4630000, 0xb4630000)
  eden space 122304K, 0% used [0xaa8e0000,0xaa8e0000,0xb2050000)
  from space 13632K, 99% used [0xb38e0000,0xb462f780,0xb4630000)
  to   space 19392K, 0% used [0xb2050000,0xb2050000,0xb3340000)
 ParOldGen       total 34240K, used 34221K [0x96e30000, 0x98fa0000, 0xaa8e0000)
  object space 34240K, 99% used [0x96e30000,0x98f9b7f8,0x98fa0000)
 PSPermGen       total 39680K, used 39619K [0x92e30000, 0x954f0000, 0x96e30000)
  object space 39680K, 99% used [0x92e30000,0x954e0f20,0x954f0000)
}
Event: 16.921 GC heap before
{Heap before GC invocations=20 (full 2):
 PSYoungGen      total 135936K, used 13629K [0xaa8e0000, 0xb4630000, 0xb4630000)
  eden space 122304K, 0% used [0xaa8e0000,0xaa8e0000,0xb2050000)
  from space 13632K, 99% used [0xb38e0000,0xb462f780,0xb4630000)
  to   space 19392K, 0% used [0xb2050000,0xb2050000,0xb3340000)
 ParOldGen       total 34240K, used 34221K [0x96e30000, 0x98fa0000, 0xaa8e0000)
  object space 34240K, 99% used [0x96e30000,0x98f9b7f8,0x98fa0000)
 PSPermGen       total 39680K, used 39619K [0x92e30000, 0x954f0000, 0x96e30000)
  object space 39680K, 99% used [0x92e30000,0x954e0f20,0x954f0000)
Event: 17.264 GC heap after
Heap after GC invocations=20 (full 2):
 PSYoungGen      total 135936K, used 3823K [0xaa8e0000, 0xb4630000, 0xb4630000)
  eden space 122304K, 0% used [0xaa8e0000,0xaa8e0000,0xb2050000)
  from space 13632K, 28% used [0xb38e0000,0xb3c9bce8,0xb4630000)
  to   space 19392K, 0% used [0xb2050000,0xb2050000,0xb3340000)
 ParOldGen       total 57984K, used 34238K [0x96e30000, 0x9a6d0000, 0xaa8e0000)
  object space 57984K, 59% used [0x96e30000,0x98f9f900,0x9a6d0000)
 PSPermGen       total 65280K, used 39595K [0x92e30000, 0x96df0000, 0x96e30000)
  object space 65280K, 60% used [0x92e30000,0x954dae60,0x96df0000)
}

