<?xml version="1.0" encoding="UTF-8" ?>
<testsuite failures="0" time="0.069" errors="0" skipped="0" tests="3" name="org.springframework.security.oauth2.provider.TestImplicitProvider">
  <properties>
[...]
</properties>
  <testcase time="0.013" classname="org.springframework.security.oauth2.provider.TestImplicitProvider" name="testPostForAutomaticApprovalToken"/>
  <testcase time="0.015" classname="org.springframework.security.oauth2.provider.TestImplicitProvider" name="testPostForNonAutomaticApprovalToken"/>
  <testcase time="0.021" classname="org.springframework.security.oauth2.provider.TestImplicitProvider" name="testRedirectRequiredForAuthentication"/>
</testsuite>